CRITICAL - 2024-02-09 12:15:31 --> ErrorException: Undefined variable $a
in APPPATH\Views\test.php on line 11.
 1 APPPATH\Views\test.php(11): CodeIgniter\Debug\Exceptions->errorHandler()
 2 SYSTEMPATH\View\View.php(228): include('C:\\Users\\masiero.christian\\Desktop\\UniserverCI4\\UniServerZ\\www\\ci4\\app\\Views\\test.php')
 3 SYSTEMPATH\View\View.php(231): CodeIgniter\View\View->CodeIgniter\View\{closure}()
 4 SYSTEMPATH\Common.php(1178): CodeIgniter\View\View->render()
 5 APPPATH\Controllers\Test.php(9): view()
 6 SYSTEMPATH\CodeIgniter.php(941): App\Controllers\Test->index()
 7 SYSTEMPATH\CodeIgniter.php(502): CodeIgniter\CodeIgniter->runController()
 8 SYSTEMPATH\CodeIgniter.php(361): CodeIgniter\CodeIgniter->handleRequest()
 9 FCPATH\index.php(79): CodeIgniter\CodeIgniter->run()
CRITICAL - 2024-02-09 12:15:59 --> ErrorException: Undefined variable $a
in APPPATH\Views\test.php on line 11.
 1 APPPATH\Views\test.php(11): CodeIgniter\Debug\Exceptions->errorHandler()
 2 SYSTEMPATH\View\View.php(228): include('C:\\Users\\masiero.christian\\Desktop\\UniserverCI4\\UniServerZ\\www\\ci4\\app\\Views\\test.php')
 3 SYSTEMPATH\View\View.php(231): CodeIgniter\View\View->CodeIgniter\View\{closure}()
 4 SYSTEMPATH\Common.php(1178): CodeIgniter\View\View->render()
 5 APPPATH\Controllers\Test.php(9): view()
 6 SYSTEMPATH\CodeIgniter.php(941): App\Controllers\Test->index()
 7 SYSTEMPATH\CodeIgniter.php(502): CodeIgniter\CodeIgniter->runController()
 8 SYSTEMPATH\CodeIgniter.php(361): CodeIgniter\CodeIgniter->handleRequest()
 9 FCPATH\index.php(79): CodeIgniter\CodeIgniter->run()
CRITICAL - 2024-02-09 12:16:00 --> ErrorException: Undefined variable $a
in APPPATH\Views\test.php on line 11.
 1 APPPATH\Views\test.php(11): CodeIgniter\Debug\Exceptions->errorHandler()
 2 SYSTEMPATH\View\View.php(228): include('C:\\Users\\masiero.christian\\Desktop\\UniserverCI4\\UniServerZ\\www\\ci4\\app\\Views\\test.php')
 3 SYSTEMPATH\View\View.php(231): CodeIgniter\View\View->CodeIgniter\View\{closure}()
 4 SYSTEMPATH\Common.php(1178): CodeIgniter\View\View->render()
 5 APPPATH\Controllers\Test.php(9): view()
 6 SYSTEMPATH\CodeIgniter.php(941): App\Controllers\Test->index()
 7 SYSTEMPATH\CodeIgniter.php(502): CodeIgniter\CodeIgniter->runController()
 8 SYSTEMPATH\CodeIgniter.php(361): CodeIgniter\CodeIgniter->handleRequest()
 9 FCPATH\index.php(79): CodeIgniter\CodeIgniter->run()
CRITICAL - 2024-02-09 12:16:00 --> ErrorException: Undefined variable $a
in APPPATH\Views\test.php on line 11.
 1 APPPATH\Views\test.php(11): CodeIgniter\Debug\Exceptions->errorHandler()
 2 SYSTEMPATH\View\View.php(228): include('C:\\Users\\masiero.christian\\Desktop\\UniserverCI4\\UniServerZ\\www\\ci4\\app\\Views\\test.php')
 3 SYSTEMPATH\View\View.php(231): CodeIgniter\View\View->CodeIgniter\View\{closure}()
 4 SYSTEMPATH\Common.php(1178): CodeIgniter\View\View->render()
 5 APPPATH\Controllers\Test.php(9): view()
 6 SYSTEMPATH\CodeIgniter.php(941): App\Controllers\Test->index()
 7 SYSTEMPATH\CodeIgniter.php(502): CodeIgniter\CodeIgniter->runController()
 8 SYSTEMPATH\CodeIgniter.php(361): CodeIgniter\CodeIgniter->handleRequest()
 9 FCPATH\index.php(79): CodeIgniter\CodeIgniter->run()
CRITICAL - 2024-02-09 12:16:00 --> ErrorException: Undefined variable $a
in APPPATH\Views\test.php on line 11.
 1 APPPATH\Views\test.php(11): CodeIgniter\Debug\Exceptions->errorHandler()
 2 SYSTEMPATH\View\View.php(228): include('C:\\Users\\masiero.christian\\Desktop\\UniserverCI4\\UniServerZ\\www\\ci4\\app\\Views\\test.php')
 3 SYSTEMPATH\View\View.php(231): CodeIgniter\View\View->CodeIgniter\View\{closure}()
 4 SYSTEMPATH\Common.php(1178): CodeIgniter\View\View->render()
 5 APPPATH\Controllers\Test.php(9): view()
 6 SYSTEMPATH\CodeIgniter.php(941): App\Controllers\Test->index()
 7 SYSTEMPATH\CodeIgniter.php(502): CodeIgniter\CodeIgniter->runController()
 8 SYSTEMPATH\CodeIgniter.php(361): CodeIgniter\CodeIgniter->handleRequest()
 9 FCPATH\index.php(79): CodeIgniter\CodeIgniter->run()
CRITICAL - 2024-02-09 12:16:01 --> ErrorException: Undefined variable $a
in APPPATH\Views\test.php on line 11.
 1 APPPATH\Views\test.php(11): CodeIgniter\Debug\Exceptions->errorHandler()
 2 SYSTEMPATH\View\View.php(228): include('C:\\Users\\masiero.christian\\Desktop\\UniserverCI4\\UniServerZ\\www\\ci4\\app\\Views\\test.php')
 3 SYSTEMPATH\View\View.php(231): CodeIgniter\View\View->CodeIgniter\View\{closure}()
 4 SYSTEMPATH\Common.php(1178): CodeIgniter\View\View->render()
 5 APPPATH\Controllers\Test.php(9): view()
 6 SYSTEMPATH\CodeIgniter.php(941): App\Controllers\Test->index()
 7 SYSTEMPATH\CodeIgniter.php(502): CodeIgniter\CodeIgniter->runController()
 8 SYSTEMPATH\CodeIgniter.php(361): CodeIgniter\CodeIgniter->handleRequest()
 9 FCPATH\index.php(79): CodeIgniter\CodeIgniter->run()
CRITICAL - 2024-02-09 12:16:01 --> ErrorException: Undefined variable $a
in APPPATH\Views\test.php on line 11.
 1 APPPATH\Views\test.php(11): CodeIgniter\Debug\Exceptions->errorHandler()
 2 SYSTEMPATH\View\View.php(228): include('C:\\Users\\masiero.christian\\Desktop\\UniserverCI4\\UniServerZ\\www\\ci4\\app\\Views\\test.php')
 3 SYSTEMPATH\View\View.php(231): CodeIgniter\View\View->CodeIgniter\View\{closure}()
 4 SYSTEMPATH\Common.php(1178): CodeIgniter\View\View->render()
 5 APPPATH\Controllers\Test.php(9): view()
 6 SYSTEMPATH\CodeIgniter.php(941): App\Controllers\Test->index()
 7 SYSTEMPATH\CodeIgniter.php(502): CodeIgniter\CodeIgniter->runController()
 8 SYSTEMPATH\CodeIgniter.php(361): CodeIgniter\CodeIgniter->handleRequest()
 9 FCPATH\index.php(79): CodeIgniter\CodeIgniter->run()
CRITICAL - 2024-02-09 12:16:01 --> ErrorException: Undefined variable $a
in APPPATH\Views\test.php on line 11.
 1 APPPATH\Views\test.php(11): CodeIgniter\Debug\Exceptions->errorHandler()
 2 SYSTEMPATH\View\View.php(228): include('C:\\Users\\masiero.christian\\Desktop\\UniserverCI4\\UniServerZ\\www\\ci4\\app\\Views\\test.php')
 3 SYSTEMPATH\View\View.php(231): CodeIgniter\View\View->CodeIgniter\View\{closure}()
 4 SYSTEMPATH\Common.php(1178): CodeIgniter\View\View->render()
 5 APPPATH\Controllers\Test.php(9): view()
 6 SYSTEMPATH\CodeIgniter.php(941): App\Controllers\Test->index()
 7 SYSTEMPATH\CodeIgniter.php(502): CodeIgniter\CodeIgniter->runController()
 8 SYSTEMPATH\CodeIgniter.php(361): CodeIgniter\CodeIgniter->handleRequest()
 9 FCPATH\index.php(79): CodeIgniter\CodeIgniter->run()
CRITICAL - 2024-02-09 12:16:01 --> ErrorException: Undefined variable $a
in APPPATH\Views\test.php on line 11.
 1 APPPATH\Views\test.php(11): CodeIgniter\Debug\Exceptions->errorHandler()
 2 SYSTEMPATH\View\View.php(228): include('C:\\Users\\masiero.christian\\Desktop\\UniserverCI4\\UniServerZ\\www\\ci4\\app\\Views\\test.php')
 3 SYSTEMPATH\View\View.php(231): CodeIgniter\View\View->CodeIgniter\View\{closure}()
 4 SYSTEMPATH\Common.php(1178): CodeIgniter\View\View->render()
 5 APPPATH\Controllers\Test.php(9): view()
 6 SYSTEMPATH\CodeIgniter.php(941): App\Controllers\Test->index()
 7 SYSTEMPATH\CodeIgniter.php(502): CodeIgniter\CodeIgniter->runController()
 8 SYSTEMPATH\CodeIgniter.php(361): CodeIgniter\CodeIgniter->handleRequest()
 9 FCPATH\index.php(79): CodeIgniter\CodeIgniter->run()
